\BOOKMARK [0][-]{chapter.1}{Gemoc language workbench workflow}{}% 1
\BOOKMARK [1][-]{section.1.1}{xDSML definition}{chapter.1}% 2
\BOOKMARK [2][-]{subsection.1.1.1}{New Gemoc Language project Command}{section.1.1}% 3
\BOOKMARK [1][-]{section.1.2}{Domain Model definition \(AS\)}{chapter.1}% 4
\BOOKMARK [2][-]{subsection.1.2.1}{New EMF Project Command}{section.1.2}% 5
\BOOKMARK [2][-]{subsection.1.2.2}{Select existing EMF Project Command}{section.1.2}% 6
\BOOKMARK [1][-]{section.1.3}{Modelers definition \(CS\)}{chapter.1}% 7
\BOOKMARK [2][-]{subsection.1.3.1}{New Tree editor Command}{section.1.3}% 8
\BOOKMARK [2][-]{subsection.1.3.2}{Select existing Tree editor Command}{section.1.3}% 9
\BOOKMARK [2][-]{subsection.1.3.3}{New Xtext editor Command}{section.1.3}% 10
\BOOKMARK [2][-]{subsection.1.3.4}{Select existing Xtext editor Command}{section.1.3}% 11
\BOOKMARK [2][-]{subsection.1.3.5}{New Sirius editor Command}{section.1.3}% 12
\BOOKMARK [2][-]{subsection.1.3.6}{Select existing Sirius editor Command}{section.1.3}% 13
\BOOKMARK [1][-]{section.1.4}{Execution function and Data definition \(DSA\)}{chapter.1}% 14
\BOOKMARK [2][-]{subsection.1.4.1}{New Kermeta 2 project Command}{section.1.4}% 15
\BOOKMARK [2][-]{subsection.1.4.2}{Select existing Kermeta 2 project Command}{section.1.4}% 16
\BOOKMARK [2][-]{subsection.1.4.3}{New Kermeta 3 project Command}{section.1.4}% 17
\BOOKMARK [2][-]{subsection.1.4.4}{Select existing Kermeta 3 project Command}{section.1.4}% 18
\BOOKMARK [1][-]{section.1.5}{Concurrency model definition \(MOC\)}{chapter.1}% 19
\BOOKMARK [2][-]{subsection.1.5.1}{New CCSL Moc project Command}{section.1.5}% 20
\BOOKMARK [1][-]{section.1.6}{Behavioral observation definition \(DSE\)}{chapter.1}% 21
\BOOKMARK [2][-]{subsection.1.6.1}{New ECL file Command}{section.1.6}% 22
\BOOKMARK [2][-]{subsection.1.6.2}{New Modelh'x project Command}{section.1.6}% 23
\BOOKMARK [2][-]{subsection.1.6.3}{Select existing ECL file Command}{section.1.6}% 24
\BOOKMARK [1][-]{section.1.7}{Animators definition}{chapter.1}% 25
