<?xml version="1.0" encoding="ASCII"?>
<trace:Trace xmlns:xsi="http://www.w3.org/2001/XMLSchema-instance" xmlns:trace="http://www.inria.fr/sophia/aoste/trace/1.0.0" name="TrafficControl_MoCC_new2013_1010_095644">
  <references xsi:type="trace:ModelElementReference">
    <elementRef href="TrafficControl_MoCC_new.extendedCCSL#//@subBlock.0"/>
    <elementRef href="TrafficControl_MoCC_new.extendedCCSL#//@subBlock.0/@elements.1"/>
  </references>
  <references xsi:type="trace:ModelElementReference">
    <elementRef href="TrafficControl_MoCC_new.extendedCCSL#//@subBlock.0"/>
    <elementRef href="TrafficControl_MoCC_new.extendedCCSL#//@subBlock.0/@elements.0"/>
  </references>
  <references xsi:type="trace:ModelElementReference">
    <elementRef href="TrafficControl_MoCC_new.extendedCCSL#//@subBlock.0"/>
    <elementRef href="TrafficControl_MoCC_new.extendedCCSL#//@subBlock.0/@expressions.0"/>
  </references>
  <references xsi:type="trace:ModelElementReference">
    <elementRef href="TrafficControl_MoCC_new.extendedCCSL#//@subBlock.0"/>
    <elementRef href="TrafficControl_MoCC_new.extendedCCSL#//@subBlock.0/@relations.0"/>
  </references>
  <references xsi:type="trace:ModelElementReference">
    <elementRef href="TrafficControl_MoCC_new.extendedCCSL#//@subBlock.0"/>
    <elementRef href="TrafficControl_MoCC_new.extendedCCSL#//@subBlock.0/@relations.1"/>
  </references>
</trace:Trace>
